Determining if the pthread_create exist failed with the following output:
Change Dir: /home/jin/Lingqiu_Jin/D400_IMU_02_26_2018/imu_recorder/build/CMakeFiles/CMakeTmp

Run Build Command:"/usr/bin/make" "cmTryCompileExec2805194352/fast"
/usr/bin/make -f CMakeFiles/cmTryCompileExec2805194352.dir/build.make CMakeFiles/cmTryCompileExec2805194352.dir/build
make[1]: Entering directory `/home/jin/Lingqiu_Jin/D400_IMU_02_26_2018/imu_recorder/build/CMakeFiles/CMakeTmp'
/usr/bin/cmake -E cmake_progress_report /home/jin/Lingqiu_Jin/D400_IMU_02_26_2018/imu_recorder/build/CMakeFiles/CMakeTmp/CMakeFiles 1
Building C object CMakeFiles/cmTryCompileExec2805194352.dir/CheckSymbolExists.c.o
/usr/bin/cc    -o CMakeFiles/cmTryCompileExec2805194352.dir/CheckSymbolExists.c.o   -c /home/jin/Lingqiu_Jin/D400_IMU_02_26_2018/imu_recorder/build/CMakeFiles/CMakeTmp/CheckSymbolExists.c
Linking C executable cmTryCompileExec2805194352
/usr/bin/cmake -E cmake_link_script CMakeFiles/cmTryCompileExec2805194352.dir/link.txt --verbose=1
/usr/bin/cc       CMakeFiles/cmTryCompileExec2805194352.dir/CheckSymbolExists.c.o  -o cmTryCompileExec2805194352 -rdynamic 
CMakeFiles/cmTryCompileExec2805194352.dir/CheckSymbolExists.c.o: In function `main':
CheckSymbolExists.c:(.text+0x16): undefined reference to `pthread_create'
collect2: error: ld returned 1 exit status
make[1]: Leaving directory `/home/jin/Lingqiu_Jin/D400_IMU_02_26_2018/imu_recorder/build/CMakeFiles/CMakeTmp'
make[1]: *** [cmTryCompileExec2805194352] Error 1
make: *** [cmTryCompileExec2805194352/fast] Error 2

File /home/jin/Lingqiu_Jin/D400_IMU_02_26_2018/imu_recorder/build/CMakeFiles/CMakeTmp/CheckSymbolExists.c:
/* */
#include <pthread.h>

int main(int argc, char** argv)
{
  (void)argv;
#ifndef pthread_create
  return ((int*)(&pthread_create))[argc];
#else
  (void)argc;
  return 0;
#endif
}

Determining if the function pthread_create exists in the pthreads failed with the following output:
Change Dir: /home/jin/Lingqiu_Jin/D400_IMU_02_26_2018/imu_recorder/build/CMakeFiles/CMakeTmp

Run Build Command:"/usr/bin/make" "cmTryCompileExec1499846885/fast"
/usr/bin/make -f CMakeFiles/cmTryCompileExec1499846885.dir/build.make CMakeFiles/cmTryCompileExec1499846885.dir/build
make[1]: Entering directory `/home/jin/Lingqiu_Jin/D400_IMU_02_26_2018/imu_recorder/build/CMakeFiles/CMakeTmp'
/usr/bin/cmake -E cmake_progress_report /home/jin/Lingqiu_Jin/D400_IMU_02_26_2018/imu_recorder/build/CMakeFiles/CMakeTmp/CMakeFiles 1
Building C object CMakeFiles/cmTryCompileExec1499846885.dir/CheckFunctionExists.c.o
/usr/bin/cc   -DCHECK_FUNCTION_EXISTS=pthread_create   -o CMakeFiles/cmTryCompileExec1499846885.dir/CheckFunctionExists.c.o   -c /usr/share/cmake-3.2/Modules/CheckFunctionExists.c
Linking C executable cmTryCompileExec1499846885
/usr/bin/cmake -E cmake_link_script CMakeFiles/cmTryCompileExec1499846885.dir/link.txt --verbose=1
/usr/bin/cc   -DCHECK_FUNCTION_EXISTS=pthread_create    CMakeFiles/cmTryCompileExec1499846885.dir/CheckFunctionExists.c.o  -o cmTryCompileExec1499846885 -rdynamic -lpthreads 
/usr/bin/ld: cannot find -lpthreads
collect2: error: ld returned 1 exit status
make[1]: Leaving directory `/home/jin/Lingqiu_Jin/D400_IMU_02_26_2018/imu_recorder/build/CMakeFiles/CMakeTmp'
make[1]: *** [cmTryCompileExec1499846885] Error 1
make: *** [cmTryCompileExec1499846885/fast] Error 2


