Determining if the pthread_create exist failed with the following output:
Change Dir: /home/jin/Lingqiu_Jin/D400_IMU_02_26_2018/realsense_recorder/build/CMakeFiles/CMakeTmp

Run Build Command:"/usr/bin/make" "cmTryCompileExec2181965154/fast"
/usr/bin/make -f CMakeFiles/cmTryCompileExec2181965154.dir/build.make CMakeFiles/cmTryCompileExec2181965154.dir/build
make[1]: Entering directory `/home/jin/Lingqiu_Jin/D400_IMU_02_26_2018/realsense_recorder/build/CMakeFiles/CMakeTmp'
/usr/bin/cmake -E cmake_progress_report /home/jin/Lingqiu_Jin/D400_IMU_02_26_2018/realsense_recorder/build/CMakeFiles/CMakeTmp/CMakeFiles 1
Building C object CMakeFiles/cmTryCompileExec2181965154.dir/CheckSymbolExists.c.o
/usr/bin/cc    -o CMakeFiles/cmTryCompileExec2181965154.dir/CheckSymbolExists.c.o   -c /home/jin/Lingqiu_Jin/D400_IMU_02_26_2018/realsense_recorder/build/CMakeFiles/CMakeTmp/CheckSymbolExists.c
Linking C executable cmTryCompileExec2181965154
/usr/bin/cmake -E cmake_link_script CMakeFiles/cmTryCompileExec2181965154.dir/link.txt --verbose=1
/usr/bin/cc       CMakeFiles/cmTryCompileExec2181965154.dir/CheckSymbolExists.c.o  -o cmTryCompileExec2181965154 -rdynamic 
CMakeFiles/cmTryCompileExec2181965154.dir/CheckSymbolExists.c.o: In function `main':
CheckSymbolExists.c:(.text+0x16): undefined reference to `pthread_create'
collect2: error: ld returned 1 exit status
make[1]: Leaving directory `/home/jin/Lingqiu_Jin/D400_IMU_02_26_2018/realsense_recorder/build/CMakeFiles/CMakeTmp'
make[1]: *** [cmTryCompileExec2181965154] Error 1
make: *** [cmTryCompileExec2181965154/fast] Error 2

File /home/jin/Lingqiu_Jin/D400_IMU_02_26_2018/realsense_recorder/build/CMakeFiles/CMakeTmp/CheckSymbolExists.c:
/* */
#include <pthread.h>

int main(int argc, char** argv)
{
  (void)argv;
#ifndef pthread_create
  return ((int*)(&pthread_create))[argc];
#else
  (void)argc;
  return 0;
#endif
}

Determining if the function pthread_create exists in the pthreads failed with the following output:
Change Dir: /home/jin/Lingqiu_Jin/D400_IMU_02_26_2018/realsense_recorder/build/CMakeFiles/CMakeTmp

Run Build Command:"/usr/bin/make" "cmTryCompileExec3380324917/fast"
/usr/bin/make -f CMakeFiles/cmTryCompileExec3380324917.dir/build.make CMakeFiles/cmTryCompileExec3380324917.dir/build
make[1]: Entering directory `/home/jin/Lingqiu_Jin/D400_IMU_02_26_2018/realsense_recorder/build/CMakeFiles/CMakeTmp'
/usr/bin/cmake -E cmake_progress_report /home/jin/Lingqiu_Jin/D400_IMU_02_26_2018/realsense_recorder/build/CMakeFiles/CMakeTmp/CMakeFiles 1
Building C object CMakeFiles/cmTryCompileExec3380324917.dir/CheckFunctionExists.c.o
/usr/bin/cc   -DCHECK_FUNCTION_EXISTS=pthread_create   -o CMakeFiles/cmTryCompileExec3380324917.dir/CheckFunctionExists.c.o   -c /usr/share/cmake-3.2/Modules/CheckFunctionExists.c
Linking C executable cmTryCompileExec3380324917
/usr/bin/cmake -E cmake_link_script CMakeFiles/cmTryCompileExec3380324917.dir/link.txt --verbose=1
/usr/bin/cc   -DCHECK_FUNCTION_EXISTS=pthread_create    CMakeFiles/cmTryCompileExec3380324917.dir/CheckFunctionExists.c.o  -o cmTryCompileExec3380324917 -rdynamic -lpthreads 
/usr/bin/ld: cannot find -lpthreads
collect2: error: ld returned 1 exit status
make[1]: Leaving directory `/home/jin/Lingqiu_Jin/D400_IMU_02_26_2018/realsense_recorder/build/CMakeFiles/CMakeTmp'
make[1]: *** [cmTryCompileExec3380324917] Error 1
make: *** [cmTryCompileExec3380324917/fast] Error 2


